2017-07-16 09:01:10.161 Enumerating device dlls...
2017-07-16 09:01:10.161 Directory: D:\Dokumenty\_PROJEKTY\miniscope_v4\_backup\4_01_00\miniscope\Release_Build\device
2017-07-16 09:01:10.169 Adding sig_test.dll
2017-07-16 09:01:13.133 Creating object using sig_test.dll
2017-07-16 09:01:13.141 sig_test.dll loaded. Yay!
2017-07-16 09:02:02.616 Enumerating device dlls...
2017-07-16 09:02:02.616 Directory: D:\Dokumenty\_PROJEKTY\miniscope_v4\_backup\4_01_00\miniscope\Release_Build\device
2017-07-16 09:02:02.622 Adding sig_test.dll
2017-07-16 09:02:02.650 Creating object using sig_test.dll
2017-07-16 09:02:02.654 sig_test.dll loaded. Yay!
2017-07-16 09:04:10.021 Enumerating device dlls...
2017-07-16 09:04:10.021 Directory: D:\Dokumenty\_PROJEKTY\miniscope_v4\_backup\4_01_00\bin\device
2017-07-16 09:04:10.021 Adding sig_test.dll
2017-07-16 09:04:10.052 Creating object using sig_test.dll
2017-07-16 09:04:10.052 sig_test.dll loaded. Yay!
2018-08-30 15:21:17.712 Enumerating device dlls...
2018-08-30 15:21:17.733 Directory: C:\Users\Karol\OneDrive - Furwers\PROJECTS\MSW\oscilloscope\repo\oscilloscope\device
2018-08-30 15:21:17.784 Adding sig_test.dll
2018-08-30 15:21:17.869 Creating object using sig_test.dll
2018-08-30 15:21:17.899 sig_test.dll loaded. Yay!
2018-08-30 18:13:52.591 Enumerating device dlls...
2018-08-30 18:13:52.596 Directory: C:\Users\Karol\OneDrive - Furwers\PROJECTS\MSW\oscilloscope\repo\oscilloscope\device
2018-08-30 18:13:52.609 Adding sig_test.dll
2018-08-30 18:13:52.639 Creating object using sig_test.dll
2018-08-30 18:13:52.653 sig_test.dll loaded. Yay!
2018-08-30 18:22:19.794 Enumerating device dlls...
2018-08-30 18:22:19.800 Directory: C:\Users\Karol\OneDrive - Furwers\PROJECTS\MSW\oscilloscope\repo\oscilloscope\device
2018-08-30 18:22:19.817 Adding miniscope_v2c.dll
2018-08-30 18:22:19.833 Adding sig_test.dll
2018-08-30 18:22:19.862 Creating object using sig_test.dll
2018-08-30 18:22:19.879 sig_test.dll loaded. Yay!
2018-08-30 18:22:28.344 Creating object using miniscope_v2c.dll
2018-08-30 18:22:28.353 miniscope_v2c.dll loaded. Yay!
2018-08-30 18:22:28.379 Searching for libusb device VID = 0x1D50, PID = 0x604F
2018-08-30 18:22:28.386 Connection state changed to 1. Connecting...
2018-08-30 18:22:28.393 Waiting for ID reply
2018-08-30 18:22:28.794 Sending cmd 05, val 08
2018-08-30 18:22:44.279 Connection state changed to 3. Disconnecting...
2018-08-30 18:22:44.885 Connection state changed to 0. Disconnected
2018-08-30 18:22:45.583 Searching for libusb device VID = 0x1D50, PID = 0x604F
2018-08-30 18:22:45.589 Connection state changed to 1. Connecting...
2018-08-30 18:22:45.598 Waiting for ID reply
2018-08-30 18:22:45.999 Sending cmd 05, val 08
2018-08-30 18:22:56.896 usb_reap_async: status = -5, libusb0-dll:err [_usb_reap_async] reaping request failed, win error: A device attached to the system is not functioning.


2018-08-30 18:23:00.352 Connection state changed to 3. Disconnecting...
2018-08-30 18:23:00.964 Connection state changed to 0. Disconnected
2018-08-30 18:23:00.978 Searching for libusb device VID = 0x1D50, PID = 0x604F
2018-08-30 18:23:00.985 Connection state changed to 1. Connecting...
2018-08-30 18:23:00.992 Waiting for ID reply
2018-08-30 18:23:00.997 Sending cmd 05, val 08
2018-08-30 18:23:01.022 Connection state changed to 2. miniscope_v2c 20120414
2018-08-30 18:23:01.029 ID header skipped
2018-08-30 18:23:27.649 Connection state changed to 3. Disconnecting...
2018-08-30 18:23:28.257 Connection state changed to 0. Disconnected
2018-08-30 18:23:28.263 Creating object using sig_test.dll
2018-08-30 18:23:28.271 sig_test.dll loaded. Yay!
2018-08-30 18:28:48.311 Creating object using miniscope_v2c.dll
2018-08-30 18:28:48.321 miniscope_v2c.dll loaded. Yay!
2018-08-30 18:28:48.351 Searching for libusb device VID = 0x1D50, PID = 0x604F
2018-08-30 18:28:48.358 Connection state changed to 1. Connecting...
2018-08-30 18:28:48.366 Waiting for ID reply
2018-08-30 18:28:48.372 Sending cmd 05, val 08
2018-08-30 18:31:42.698 Enumerating device dlls...
2018-08-30 18:31:42.706 Directory: C:\Users\Karol\OneDrive - Furwers\PROJECTS\MSW\oscilloscope\repo\oscilloscope\device
2018-08-30 18:31:42.713 Adding miniscope_v2c.dll
2018-08-30 18:31:42.727 Adding sig_test.dll
2018-08-30 18:31:43.927 Connection state changed to 3. Disconnecting...
2018-08-30 18:31:44.536 Connection state changed to 0. Disconnected
2018-08-30 18:31:44.545 Creating object using sig_test.dll
2018-08-30 18:31:44.554 sig_test.dll loaded. Yay!
2018-08-30 18:31:49.475 Creating object using miniscope_v2c.dll
2018-08-30 18:31:49.485 miniscope_v2c.dll loaded. Yay!
2018-08-30 18:31:49.517 Searching for libusb device VID = 0x1D50, PID = 0x604F
2018-08-30 18:31:49.525 Connection state changed to 1. Connecting...
2018-08-30 18:31:49.536 Waiting for ID reply
2018-08-30 18:31:49.542 Sending cmd 05, val 08
2018-08-30 18:31:49.573 Connection state changed to 2. miniscope_v2c 20120414
2018-08-30 18:31:49.580 ID header skipped
2018-08-30 18:51:00.728 Connection state changed to 3. Disconnecting...
2018-08-30 18:51:01.337 Connection state changed to 0. Disconnected
